mktextfm FontAwesome
mktextfm FontAwesome
mktextfm FontAwesome
mktextfm FontAwesome/BI
mktextfm FontAwesome
mktextfm FontAwesome/B
mktextfm FontAwesome
mktextfm FontAwesome/I
mktextfm FontAwesome
mktextfm FontAwesome
mktextfm FontAwesome
mktextfm FontAwesome
mktextfm FontAwesome
mktextfm FontAwesome/BI
mktextfm FontAwesome
mktextfm FontAwesome/B
mktextfm FontAwesome
mktextfm FontAwesome/I
mktextfm FontAwesome
mktextfm FontAwesome
mktextfm FontAwesome
mktextfm FontAwesome
mktextfm FontAwesome
mktextfm FontAwesome/BI
mktextfm FontAwesome
mktextfm FontAwesome/B
mktextfm FontAwesome
mktextfm FontAwesome/I
mktextfm FontAwesome
mktextfm FontAwesome
mktextfm Unit-Medium
mktextfm Unit-Medium
mktextfm Unit-Medium
mktextfm Unit-Medium/BI
mktextfm Unit-Medium
mktextfm Unit-Medium/B
mktextfm Unit-Medium
mktextfm Unit-Medium/I
mktextfm Unit-Medium
mktextfm Unit-Medium
mktextfm PragmataPro
mktextfm PragmataPro
mktextfm PragmataPro
mktextfm PragmataPro/BI
mktextfm PragmataPro
mktextfm PragmataPro/B
mktextfm PragmataPro
mktextfm PragmataPro/I
mktextfm PragmataPro
mktextfm PragmataPro
mktextfm FontAwesome
mktextfm PragmataPro
mktextfm FontAwesome
mktextfm PragmataPro
mktextfm PragmataPro
mktextfm FontAwesome
mktextfm FontAwesome
mktextfm FontAwesome
mktextfm FontAwesome/BI
mktextfm FontAwesome
mktextfm FontAwesome/B
mktextfm FontAwesome
mktextfm FontAwesome/I
mktextfm FontAwesome
mktextfm FontAwesome
mktextfm Unit-Medium
mktextfm Unit-Medium
mktextfm Unit-Medium
mktextfm Unit-Medium/BI
mktextfm Unit-Medium
mktextfm Unit-Medium/B
mktextfm Unit-Medium
mktextfm Unit-Medium/I
mktextfm Unit-Medium
mktextfm Unit-Medium
mktextfm FontAwesome
mktextfm FontAwesome
mktextfm Unit-Medium
mktextfm Unit-Medium
mktextfm Unit-Medium
mktextfm Unit-Medium/BI
mktextfm Unit-Medium
mktextfm Unit-Medium/B
mktextfm Unit-Medium
mktextfm Unit-Medium/I
mktextfm Unit-Medium
mktextfm Unit-Medium
mktextfm 
mktextfm 
mktextfm 
mktextfm 
mktextfm 
mktextfm 
mktextfm 
mktextfm 
mktextfm 
mktextfm 
mktextfm /
mktextfm /
mktextfm /
mktextfm //BI
mktextfm /
mktextfm //B
mktextfm /
mktextfm //I
mktextfm /
mktextfm /
mktextfm 
mktextfm 
mktextfm 
mktextfm 
mktextfm /
mktextfm /
mktextfm 
mktextfm 
mktextfm 
mktextfm 
mktextfm /
mktextfm /
mktextfm 
mktextfm 
mktextfm 
mktextfm 
mktextfm 
mktextfm 
mktextfm FontAwesome
mktextfm FontAwesome
mktextfm FontAwesome
mktextfm FontAwesome/BI
mktextfm FontAwesome
mktextfm FontAwesome/B
mktextfm FontAwesome
mktextfm FontAwesome/I
mktextfm FontAwesome
mktextfm FontAwesome
mktextfm sourceserifpro
mktextfm sourceserifpro
mktextfm sourceserifpro
mktextfm sourceserifpro/BI
mktextfm sourceserifpro
mktextfm sourceserifpro/B
mktextfm sourceserifpro
mktextfm sourceserifpro/I
mktextfm sourceserifpro
mktextfm sourceserifpro
mktextfm sourcesanspro
mktextfm sourcesanspro
mktextfm sourcesanspro
mktextfm sourcesanspro/BI
mktextfm sourcesanspro
mktextfm sourcesanspro/B
mktextfm sourcesanspro
mktextfm sourcesanspro/I
mktextfm sourcesanspro
mktextfm sourcesanspro
mktextfm sourcesanspro
mktextfm sourcesanspro
mktextfm sourcesanspro
mktextfm sourcesanspro/BI
mktextfm sourcesanspro
mktextfm sourcesanspro/B
mktextfm sourcesanspro
mktextfm sourcesanspro/I
mktextfm sourcesanspro
mktextfm sourcesanspro
mktextfm 
mktextfm 
mktextfm 
mktextfm 
mktextfm 
mktextfm 
mktextfm 
mktextfm 
mktextfm 
mktextfm 
mktextfm 
mktextfm 
mktextfm 
mktextfm 
mktextfm 
mktextfm 
mktextfm 
mktextfm 
mktextfm 
mktextfm 
mktextfm 
mktextfm 
mktextfm 
mktextfm 
mktextfm 
mktextfm 
